<?xml version="1.0" encoding="UTF-8"?>
<!-- Generated by org.testng.reporters.JUnitReportReporter -->
<testsuite hostname="U-DL1J8D3" failures="0" tests="1" name="endToEndFlows.CI_B_RequestEntry_EndtoEnd" time="13.186" errors="0" timestamp="2024-05-28T06:17:05 IST" skipped="0">
  <testcase classname="endToEndFlows.CI_B_RequestEntry_EndtoEnd" name="CI_Birth_RequestEntry" time="13.186"/>
</testsuite> <!-- endToEndFlows.CI_B_RequestEntry_EndtoEnd -->
