<?xml version="1.0" encoding="UTF-8"?>
<!-- Generated by org.testng.reporters.JUnitReportReporter -->
<testsuite hostname="U-DL1J8D3" failures="0" tests="1" name="publicAssistance.PublicAssistanceFlows" time="26.971" errors="0" timestamp="2024-08-04T19:24:57 IST" skipped="0">
  <testcase classname="publicAssistance.PublicAssistanceFlows" name="ViewConcernsAndComplaintsReport" time="26.971"/>
  <system-out/>
</testsuite> <!-- publicAssistance.PublicAssistanceFlows -->
