<?xml version="1.0" encoding="UTF-8"?>
<!-- Generated by org.testng.reporters.JUnitReportReporter -->
<testsuite hostname="U-DL1J8D3" failures="0" tests="1" name="endToEndFlows.DataProviderSample" time="0.003" errors="0" timestamp="2024-06-01T09:40:20 IST" skipped="0">
  <testcase classname="endToEndFlows.DataProviderSample" name="dataproviding" time="0.003"/>
</testsuite> <!-- endToEndFlows.DataProviderSample -->
