<?xml version="1.0" encoding="UTF-8"?>
<!-- Generated by org.testng.reporters.JUnitReportReporter -->
<testsuite hostname="U-DL1J8D3" failures="0" tests="1" name="helpDesk.HelpDeskFlows" time="32.272" errors="0" timestamp="2024-07-09T20:08:32 IST" skipped="0">
  <testcase classname="helpDesk.HelpDeskFlows" name="createUSR" time="32.272"/>
  <system-out/>
</testsuite> <!-- helpDesk.HelpDeskFlows -->
