<?xml version="1.0" encoding="UTF-8"?>
<!-- Generated by org.testng.reporters.JUnitReportReporter -->
<testsuite hostname="U-DL1J8D3" failures="0" tests="11" name="helpDesk.HelpDeskFlows" time="946.311" errors="0" timestamp="2024-08-04T15:11:31 IST" skipped="0">
  <testcase classname="helpDesk.HelpDeskFlows" name="createUSR" time="65.324"/>
  <system-out/>
  <testcase classname="helpDesk.HelpDeskFlows" name="tagUSR_Resolved" time="101.676"/>
  <system-out/>
  <testcase classname="helpDesk.HelpDeskFlows" name="helpDeskOfficer_returningUSRToHD" time="69.524"/>
  <system-out/>
  <testcase classname="helpDesk.HelpDeskFlows" name="addAndUpdateKnowledgeBase" time="43.148"/>
  <system-out/>
  <testcase classname="helpDesk.HelpDeskFlows" name="SGP_HandleUSR" time="163.857"/>
  <system-out/>
  <testcase classname="helpDesk.HelpDeskFlows" name="submitUSR_onBehalfOfUser" time="38.717"/>
  <system-out/>
  <testcase classname="helpDesk.HelpDeskFlows" name="SGC_ResolvingUSR" time="113.663"/>
  <system-out/>
  <testcase classname="helpDesk.HelpDeskFlows" name="SGCSelectsPendingUSR" time="98.581"/>
  <system-out/>
  <testcase classname="helpDesk.HelpDeskFlows" name="verifyAttachInReply" time="66.294"/>
  <system-out/>
  <testcase classname="helpDesk.HelpDeskFlows" name="verifyReopenForClosedUSR" time="110.980"/>
  <system-out/>
  <testcase classname="helpDesk.HelpDeskFlows" name="OS_ResponseOnFeedback" time="74.547"/>
  <system-out/>
</testsuite> <!-- helpDesk.HelpDeskFlows -->
