<?xml version="1.0" encoding="UTF-8"?>
<!-- Generated by org.testng.reporters.JUnitReportReporter -->
<testsuite hostname="U-DL1J8D3" failures="0" tests="2" name="Examples.ParametersSample" time="0.016" errors="0" timestamp="2024-06-01T09:46:16 IST" skipped="0">
  <testcase classname="Examples.ParametersSample" name="m1" time="0.014"/>
  <testcase classname="Examples.ParametersSample" name="m1" time="0.002"/>
</testsuite> <!-- Examples.ParametersSample -->
