<?xml version="1.0" encoding="UTF-8"?>
<!-- Generated by org.testng.reporters.JUnitReportReporter -->
<testsuite hostname="U-DL1J8D3" failures="0" tests="1" name="Examples.DataProviderSample" time="0.011" errors="0" timestamp="2024-06-01T09:46:16 IST" skipped="0">
  <testcase classname="Examples.DataProviderSample" name="dataproviding" time="0.011"/>
</testsuite> <!-- Examples.DataProviderSample -->
