<?xml version="1.0" encoding="UTF-8"?>
<!-- Generated by org.testng.reporters.JUnitReportReporter -->
<testsuite hostname="U-DL1J8D3" failures="0" tests="1" name="test.demo1" time="18.332" errors="0" timestamp="2024-05-09T15:05:37 IST" skipped="0">
  <testcase classname="test.demo1" name="m1" time="18.332"/>
</testsuite> <!-- test.demo1 -->
