<?xml version="1.0" encoding="UTF-8"?>
<!-- Generated by org.testng.reporters.JUnitReportReporter -->
<testsuite hostname="U-DL1J8D3" failures="0" tests="1" name="test.NewTest" time="0.012" errors="0" timestamp="2024-05-09T08:08:51 IST" skipped="0">
  <testcase classname="test.NewTest" name="m3" time="0.012"/>
</testsuite> <!-- test.NewTest -->
