<?xml version="1.0" encoding="UTF-8"?>
<!-- Generated by org.testng.reporters.JUnitReportReporter -->
<testsuite hostname="U-DL1J8D3" failures="0" tests="1" name="helpDesk.NewTest" time="0.016" errors="0" timestamp="2024-07-31T09:18:08 IST" skipped="0">
  <testcase classname="helpDesk.NewTest" name="f" time="0.016"/>
  <system-out/>
</testsuite> <!-- helpDesk.NewTest -->
